<?xml version="1.0" encoding="UTF-8"?>
<!-- Generated by org.testng.reporters.JUnitReportReporter -->
<testsuite hostname="DESKTOP-K5S59DG" failures="0" tests="1" name="com.sakib.it.tests.ViewAnyBookTest" time="36.016" errors="0" timestamp="2023-12-06T22:27:07 BDT" skipped="0">
  <testcase classname="com.sakib.it.tests.ViewAnyBookTest" name="viewAnyBookTest" time="36.016"/>
</testsuite> <!-- com.sakib.it.tests.ViewAnyBookTest -->
